2021-10-01 17:27:31 [info     ] *********************
2021-10-01 17:27:31 [info     ] ***** TIME BAND *****
2021-10-01 17:27:31 [info     ] *********************


2021-10-01 17:27:31 [info     ] *********************
2021-10-01 17:27:31 [info     ] - System  Setting -
2021-10-01 17:27:31 [info     ] *********************
2021-10-01 17:27:44 [info     ] *********************
2021-10-01 17:27:44 [info     ] ***** TIME BAND *****
2021-10-01 17:27:44 [info     ] *********************


2021-10-01 17:27:44 [info     ] *********************
2021-10-01 17:27:44 [info     ] - System  Setting -
2021-10-01 17:27:44 [info     ] *********************
2021-10-01 17:27:59 [info     ] *********************
2021-10-01 17:27:59 [info     ] ***** TIME BAND *****
2021-10-01 17:27:59 [info     ] *********************


2021-10-01 17:27:59 [info     ] *********************
2021-10-01 17:27:59 [info     ] - System  Setting -
2021-10-01 17:27:59 [info     ] *********************
2021-10-01 17:27:59 [info     ]   Seed   : 31
2021-10-01 17:27:59 [info     ] *********************
2021-10-01 17:27:59 [info     ] - Model Setting -
2021-10-01 17:27:59 [info     ] *********************
2021-10-01 17:27:59 [info     ]   Device : cuda:0
2021-10-01 17:27:59 [info     ]   Config : JSON configs
2021-10-01 17:27:59 [info     ]   Dataset: 
